<?xml version="1.0" encoding="UTF-8"?>
<testsuite xmlns:xsi="http://www.w3.org/2001/XMLSchema-instance" xsi:noNamespaceSchemaLocation="https://maven.apache.org/surefire/maven-surefire-plugin/xsd/surefire-test-report-3.0.xsd" version="3.0" name="com.backportafolio.backportafolio.BackportafolioApplicationTests" time="5.108" tests="1" errors="0" skipped="0" failures="0">
  <properties>
[...]
</properties>
  <testcase name="contextLoads" classname="com.backportafolio.backportafolio.BackportafolioApplicationTests" time="0.805">
    <system-out><![CDATA[17:20:39.850 [main] INFO org.springframework.test.context.support.AnnotationConfigContextLoaderUtils -- Could not detect default configuration classes for test class [com.backportafolio.backportafolio.BackportafolioApplicationTests]: BackportafolioApplicationTests does not declare any static, non-private, non-final, nested classes annotated with @Configuration.
17:20:39.974 [main] INFO org.springframework.boot.test.context.SpringBootTestContextBootstrapper -- Found @SpringBootConfiguration com.backportafolio.backportafolio.BackportafolioApplication for test class com.backportafolio.backportafolio.BackportafolioApplicationTests

  .   ____          _            __ _ _
 /\\ / ___'_ __ _ _(_)_ __  __ _ \ \ \ \
( ( )\___ | '_ | '_| | '_ \/ _` | \ \ \ \
 \\/  ___)| |_)| | | | | || (_| |  ) ) ) )
  '  |____| .__|_| |_|_| |_\__, | / / / /
 =========|_|==============|___/=/_/_/_/
 :: Spring Boot ::                (v3.2.5)

2024-05-29T17:20:40.452-04:00  INFO 15096 --- [           main] c.b.b.BackportafolioApplicationTests     : Starting BackportafolioApplicationTests using Java 19.0.2 with PID 15096 (started by jguil in G:\backup\Users\Guille\Desktop\proyectos\backportafolio)
2024-05-29T17:20:40.453-04:00  INFO 15096 --- [           main] c.b.b.BackportafolioApplicationTests     : No active profile set, falling back to 1 default profile: "default"
2024-05-29T17:20:41.432-04:00  INFO 15096 --- [           main] .s.d.r.c.RepositoryConfigurationDelegate : Bootstrapping Spring Data MongoDB repositories in DEFAULT mode.
2024-05-29T17:20:41.517-04:00  INFO 15096 --- [           main] .s.d.r.c.RepositoryConfigurationDelegate : Finished Spring Data repository scanning in 81 ms. Found 7 MongoDB repository interfaces.
2024-05-29T17:20:42.129-04:00  INFO 15096 --- [wdn.mongodb.net] org.mongodb.driver.cluster               : Adding discovered server ac-uyyu90m-shard-00-01.chffwdn.mongodb.net:27017 to client view of cluster
2024-05-29T17:20:42.135-04:00  INFO 15096 --- [           main] org.mongodb.driver.client                : MongoClient with metadata {"driver": {"name": "mongo-java-driver|sync|spring-boot", "version": "4.11.2"}, "os": {"type": "Windows", "name": "Windows 11", "architecture": "amd64", "version": "10.0"}, "platform": "Java/Azul Systems, Inc./19.0.2+7"} created with settings MongoClientSettings{readPreference=primary, writeConcern=WriteConcern{w=null, wTimeout=null ms, journal=null}, retryWrites=true, retryReads=true, readConcern=ReadConcern{level=null}, credential=MongoCredential{mechanism=null, userName='guillermolaura333', source='admin', password=<hidden>, mechanismProperties=<hidden>}, transportSettings=null, streamFactoryFactory=null, commandListeners=[], codecRegistry=ProvidersCodecRegistry{codecProviders=[ValueCodecProvider{}, BsonValueCodecProvider{}, DBRefCodecProvider{}, DBObjectCodecProvider{}, DocumentCodecProvider{}, CollectionCodecProvider{}, IterableCodecProvider{}, MapCodecProvider{}, GeoJsonCodecProvider{}, GridFSFileCodecProvider{}, Jsr310CodecProvider{}, JsonObjectCodecProvider{}, BsonCodecProvider{}, EnumCodecProvider{}, com.mongodb.client.model.mql.ExpressionCodecProvider@1450131a, com.mongodb.Jep395RecordCodecProvider@5f7eee96, com.mongodb.KotlinCodecProvider@3a36cd5]}, loggerSettings=LoggerSettings{maxDocumentLength=1000}, clusterSettings={hosts=[127.0.0.1:27017], srvHost=portafolio.chffwdn.mongodb.net, srvServiceName=mongodb, mode=MULTIPLE, requiredClusterType=REPLICA_SET, requiredReplicaSetName='atlas-fadvyc-shard-0', serverSelector='null', clusterListeners='[]', serverSelectionTimeout='30000 ms', localThreshold='15 ms'}, socketSettings=SocketSettings{connectTimeoutMS=10000, readTimeoutMS=0, receiveBufferSize=0, proxySettings=ProxySettings{host=null, port=null, username=null, password=null}}, heartbeatSocketSettings=SocketSettings{connectTimeoutMS=10000, readTimeoutMS=10000, receiveBufferSize=0, proxySettings=ProxySettings{host=null, port=null, username=null, password=null}}, connectionPoolSettings=ConnectionPoolSettings{maxSize=100, minSize=0, maxWaitTimeMS=120000, maxConnectionLifeTimeMS=0, maxConnectionIdleTimeMS=0, maintenanceInitialDelayMS=0, maintenanceFrequencyMS=60000, connectionPoolListeners=[], maxConnecting=2}, serverSettings=ServerSettings{heartbeatFrequencyMS=10000, minHeartbeatFrequencyMS=500, serverListeners='[]', serverMonitorListeners='[]'}, sslSettings=SslSettings{enabled=true, invalidHostNameAllowed=false, context=null}, applicationName='null', compressorList=[], uuidRepresentation=JAVA_LEGACY, serverApi=null, autoEncryptionSettings=null, dnsClient=null, inetAddressResolver=null, contextProvider=null}
2024-05-29T17:20:42.161-04:00  INFO 15096 --- [wdn.mongodb.net] org.mongodb.driver.cluster               : Adding discovered server ac-uyyu90m-shard-00-00.chffwdn.mongodb.net:27017 to client view of cluster
2024-05-29T17:20:42.164-04:00  INFO 15096 --- [wdn.mongodb.net] org.mongodb.driver.cluster               : Adding discovered server ac-uyyu90m-shard-00-02.chffwdn.mongodb.net:27017 to client view of cluster
2024-05-29T17:20:43.077-04:00  INFO 15096 --- [ngodb.net:27017] org.mongodb.driver.cluster               : Monitor thread successfully connected to server with description ServerDescription{address=ac-uyyu90m-shard-00-02.chffwdn.mongodb.net:27017, type=REPLICA_SET_PRIMARY, state=CONNECTED, ok=true, minWireVersion=0, maxWireVersion=21, maxDocumentSize=16777216, logicalSessionTimeoutMinutes=30, roundTripTimeNanos=555584900, setName='atlas-fadvyc-shard-0', canonicalAddress=ac-uyyu90m-shard-00-02.chffwdn.mongodb.net:27017, hosts=[ac-uyyu90m-shard-00-00.chffwdn.mongodb.net:27017, ac-uyyu90m-shard-00-01.chffwdn.mongodb.net:27017, ac-uyyu90m-shard-00-02.chffwdn.mongodb.net:27017], passives=[], arbiters=[], primary='ac-uyyu90m-shard-00-02.chffwdn.mongodb.net:27017', tagSet=TagSet{[Tag{name='availabilityZone', value='southamerica-east1-c'}, Tag{name='diskState', value='READY'}, Tag{name='nodeType', value='ELECTABLE'}, Tag{name='provider', value='GCP'}, Tag{name='region', value='SOUTH_AMERICA_EAST_1'}, Tag{name='workloadType', value='OPERATIONAL'}]}, electionId=7fffffff0000000000000239, setVersion=15, topologyVersion=TopologyVersion{processId=6655e44f16409bb2e313dcaa, counter=6}, lastWriteDate=Wed May 29 17:20:43 BOT 2024, lastUpdateTimeNanos=158253530267000}
2024-05-29T17:20:43.078-04:00  INFO 15096 --- [ngodb.net:27017] org.mongodb.driver.cluster               : Monitor thread successfully connected to server with description ServerDescription{address=ac-uyyu90m-shard-00-00.chffwdn.mongodb.net:27017, type=REPLICA_SET_SECONDARY, state=CONNECTED, ok=true, minWireVersion=0, maxWireVersion=21, maxDocumentSize=16777216, logicalSessionTimeoutMinutes=30, roundTripTimeNanos=532508700, setName='atlas-fadvyc-shard-0', canonicalAddress=ac-uyyu90m-shard-00-00.chffwdn.mongodb.net:27017, hosts=[ac-uyyu90m-shard-00-00.chffwdn.mongodb.net:27017, ac-uyyu90m-shard-00-01.chffwdn.mongodb.net:27017, ac-uyyu90m-shard-00-02.chffwdn.mongodb.net:27017], passives=[], arbiters=[], primary='ac-uyyu90m-shard-00-02.chffwdn.mongodb.net:27017', tagSet=TagSet{[Tag{name='availabilityZone', value='southamerica-east1-a'}, Tag{name='diskState', value='READY'}, Tag{name='nodeType', value='ELECTABLE'}, Tag{name='provider', value='GCP'}, Tag{name='region', value='SOUTH_AMERICA_EAST_1'}, Tag{name='workloadType', value='OPERATIONAL'}]}, electionId=null, setVersion=15, topologyVersion=TopologyVersion{processId=6655e3fce4139be5ac8153b6, counter=4}, lastWriteDate=Wed May 29 17:20:43 BOT 2024, lastUpdateTimeNanos=158253534341600}
2024-05-29T17:20:43.078-04:00  INFO 15096 --- [ngodb.net:27017] org.mongodb.driver.cluster               : Monitor thread successfully connected to server with description ServerDescription{address=ac-uyyu90m-shard-00-01.chffwdn.mongodb.net:27017, type=REPLICA_SET_SECONDARY, state=CONNECTED, ok=true, minWireVersion=0, maxWireVersion=21, maxDocumentSize=16777216, logicalSessionTimeoutMinutes=30, roundTripTimeNanos=540746500, setName='atlas-fadvyc-shard-0', canonicalAddress=ac-uyyu90m-shard-00-01.chffwdn.mongodb.net:27017, hosts=[ac-uyyu90m-shard-00-00.chffwdn.mongodb.net:27017, ac-uyyu90m-shard-00-01.chffwdn.mongodb.net:27017, ac-uyyu90m-shard-00-02.chffwdn.mongodb.net:27017], passives=[], arbiters=[], primary='ac-uyyu90m-shard-00-02.chffwdn.mongodb.net:27017', tagSet=TagSet{[Tag{name='availabilityZone', value='southamerica-east1-b'}, Tag{name='diskState', value='READY'}, Tag{name='nodeType', value='ELECTABLE'}, Tag{name='provider', value='GCP'}, Tag{name='region', value='SOUTH_AMERICA_EAST_1'}, Tag{name='workloadType', value='OPERATIONAL'}]}, electionId=null, setVersion=15, topologyVersion=TopologyVersion{processId=6655e4a32282ecec6dcc3092, counter=3}, lastWriteDate=Wed May 29 17:20:43 BOT 2024, lastUpdateTimeNanos=158253534445100}
2024-05-29T17:20:43.083-04:00  INFO 15096 --- [ngodb.net:27017] org.mongodb.driver.cluster               : Discovered replica set primary ac-uyyu90m-shard-00-02.chffwdn.mongodb.net:27017 with max election id 7fffffff0000000000000239 and max set version 15
2024-05-29T17:20:43.954-04:00  INFO 15096 --- [           main] c.b.b.BackportafolioApplicationTests     : Started BackportafolioApplicationTests in 3.787 seconds (process running for 4.867)
]]></system-out>
  </testcase>
</testsuite>